[32mINFO[0m:     [19-03-2024 13:20:36] Shutting down
[32mINFO[0m:     [19-03-2024 13:20:37] Waiting for application shutdown.
[36mDEBUG[0m:    [19-03-2024 13:20:37] Stopping component System
[36mDEBUG[0m:    [19-03-2024 13:20:37] Stopping component SegmentAPI
[36mDEBUG[0m:    [19-03-2024 13:20:37] Stopping component LocalSegmentManager
[36mDEBUG[0m:    [19-03-2024 13:20:37] Stopping component Posthog
[36mDEBUG[0m:    [19-03-2024 13:20:37] Stopping component QuotaEnforcer
[36mDEBUG[0m:    [19-03-2024 13:20:37] Stopping component SqliteDB
[36mDEBUG[0m:    [19-03-2024 13:20:37] Stopping component SimpleAssignmentPolicy
[36mDEBUG[0m:    [19-03-2024 13:20:37] Stopping component OpenTelemetryClient
[32mINFO[0m:     [19-03-2024 13:20:37] Application shutdown complete.
[32mINFO[0m:     [19-03-2024 13:20:37] Finished server process [[36m32972[0m]
[33mWARNING[0m:  [19-03-2024 14:15:01] chroma_server_nofile is not supported on Windows. chroma_server_nofile will not be set.
[32mINFO[0m:     [19-03-2024 14:15:01] Anonymized telemetry enabled. See                     https://docs.trychroma.com/telemetry for more information.
[36mDEBUG[0m:    [19-03-2024 14:15:01] Starting component System
[36mDEBUG[0m:    [19-03-2024 14:15:01] Starting component OpenTelemetryClient
[36mDEBUG[0m:    [19-03-2024 14:15:01] Starting component SimpleAssignmentPolicy
[36mDEBUG[0m:    [19-03-2024 14:15:01] Starting component SqliteDB
[36mDEBUG[0m:    [19-03-2024 14:15:01] Starting component QuotaEnforcer
[36mDEBUG[0m:    [19-03-2024 14:15:01] Starting component Posthog
[36mDEBUG[0m:    [19-03-2024 14:15:01] Starting component LocalSegmentManager
[36mDEBUG[0m:    [19-03-2024 14:15:01] Starting component SegmentAPI
[32mINFO[0m:     [19-03-2024 14:15:01] Started server process [[36m33772[0m]
[32mINFO[0m:     [19-03-2024 14:15:01] Waiting for application startup.
[32mINFO[0m:     [19-03-2024 14:15:01] Application startup complete.
[32mINFO[0m:     [19-03-2024 14:15:01] Uvicorn running on [1mhttp://localhost:8000[0m (Press CTRL+C to quit)
[32mINFO[0m:     [20-03-2024 01:03:17] Shutting down
[32mINFO[0m:     [20-03-2024 01:03:18] Waiting for application shutdown.
[36mDEBUG[0m:    [20-03-2024 01:03:18] Stopping component System
[36mDEBUG[0m:    [20-03-2024 01:03:18] Stopping component SegmentAPI
[36mDEBUG[0m:    [20-03-2024 01:03:18] Stopping component LocalSegmentManager
[36mDEBUG[0m:    [20-03-2024 01:03:18] Stopping component Posthog
[36mDEBUG[0m:    [20-03-2024 01:03:18] Stopping component QuotaEnforcer
[36mDEBUG[0m:    [20-03-2024 01:03:18] Stopping component SqliteDB
[36mDEBUG[0m:    [20-03-2024 01:03:18] Stopping component SimpleAssignmentPolicy
[36mDEBUG[0m:    [20-03-2024 01:03:18] Stopping component OpenTelemetryClient
[32mINFO[0m:     [20-03-2024 01:03:18] Application shutdown complete.
[32mINFO[0m:     [20-03-2024 01:03:18] Finished server process [[36m33772[0m]
